Using pre-set license
Built from '2020.3/release' branch; Version is '2020.3.2f1 (8fd9074bf66c) revision 9427207'; Using compiler version '192528614'; Build Type 'Release'
OS: 'Windows 10 Pro; OS build 19041.867; Version 2004; 64bit' Language: 'en' Physical Memory: 32716 MB
BatchMode: 1, IsHumanControllingUs: 0, StartBugReporterOnCrash: 0, Is64bit: 1, IsPro: 0

 COMMAND LINE ARGUMENTS:
E:\Unity\2020.3.2f1\Editor\Unity.exe
-adb2
-batchMode
-noUpm
-name
AssetImportWorker0
-projectPath
C:/Users/Venus/Documents/GitHub/SA_Games/Game
-logFile
Logs/AssetImportWorker0.log
-srvPort
63569
Successfully changed project path to: C:/Users/Venus/Documents/GitHub/SA_Games/Game
C:/Users/Venus/Documents/GitHub/SA_Games/Game
Using Asset Import Pipeline V2.
Refreshing native plugins compatible for Editor in 42.49 ms, found 0 plugins.
Preloading 0 native plugins for Editor in 0.00 ms.
Initialize engine version: 2020.3.2f1 (8fd9074bf66c)
[Subsystems] Discovering subsystems at path E:/Unity/2020.3.2f1/Editor/Data/Resources/UnitySubsystems
[Subsystems] Discovering subsystems at path C:/Users/Venus/Documents/GitHub/SA_Games/Game/Assets
GfxDevice: creating device client; threaded=0
Direct3D:
    Version:  Direct3D 11.0 [level 11.1]
    Renderer: NVIDIA GeForce GTX 1070 (ID=0x1b81)
    Vendor:   
    VRAM:     8088 MB
    Driver:   27.21.14.6089
Initialize mono
Mono path[0] = 'E:/Unity/2020.3.2f1/Editor/Data/Managed'
Mono path[1] = 'E:/Unity/2020.3.2f1/Editor/Data/MonoBleedingEdge/lib/mono/unityjit'
Mono config path = 'E:/Unity/2020.3.2f1/Editor/Data/MonoBleedingEdge/etc'
Using monoOptions --debugger-agent=transport=dt_socket,embedding=1,server=y,suspend=n,address=127.0.0.1:56780
Begin MonoManager ReloadAssembly
Registering precompiled unity dll's ...
Register platform support module: E:/Unity/2020.3.2f1/Editor/Data/PlaybackEngines/WindowsStandaloneSupport/UnityEditor.WindowsStandalone.Extensions.dll
Registered in 0.001313 seconds.
Native extension for WindowsStandalone target not found
Refreshing native plugins compatible for Editor in 32.07 ms, found 0 plugins.
Preloading 0 native plugins for Editor in 0.00 ms.
Invoked RoslynAnalysisRunner static constructor.
RoslynAnalysisRunner will not be running.
RoslynAnalysisRunner has terminated.
Mono: successfully reloaded assembly
- Completed reload, in  1.004 seconds
Platform modules already initialized, skipping
Registering precompiled user dll's ...
Registered in 0.001614 seconds.
Begin MonoManager ReloadAssembly
Symbol file data-00000222805A0140 doesn't match image C:\Users\Venus\Documents\GitHub\SA_Games\Game\Library\ScriptAssemblies\Unity.VSCode.Editor.dll
Symbol file LoadedFromMemory is not a mono symbol file
Symbol file data-00000222854DFA40 doesn't match image C:\Users\Venus\Documents\GitHub\SA_Games\Game\Library\ScriptAssemblies\Unity.2D.Tilemap.Editor.dll
Symbol file LoadedFromMemory is not a mono symbol file
Symbol file data-000002228594D690 doesn't match image C:\Users\Venus\Documents\GitHub\SA_Games\Game\Library\ScriptAssemblies\UnityEngine.Purchasing.dll
Symbol file LoadedFromMemory is not a mono symbol file
Symbol file data-00000222808B4420 doesn't match image C:\Users\Venus\Documents\GitHub\SA_Games\Game\Library\ScriptAssemblies\Unity.TextMeshPro.Editor.dll
Symbol file LoadedFromMemory is not a mono symbol file
Symbol file data-00000222840B6FF0 doesn't match image C:\Users\Venus\Documents\GitHub\SA_Games\Game\Library\ScriptAssemblies\Unity.VisualStudio.Editor.dll
Symbol file LoadedFromMemory is not a mono symbol file
Symbol file data-00000222854DFA40 doesn't match image C:\Users\Venus\Documents\GitHub\SA_Games\Game\Library\ScriptAssemblies\UnityEngine.TestRunner.dll
Symbol file LoadedFromMemory is not a mono symbol file
Symbol file data-00000222854DFA40 doesn't match image C:\Users\Venus\Documents\GitHub\SA_Games\Game\Library\ScriptAssemblies\Unity.Timeline.dll
Symbol file LoadedFromMemory is not a mono symbol file
Symbol file data-0000022284123020 doesn't match image C:\Users\Venus\Documents\GitHub\SA_Games\Game\Library\ScriptAssemblies\Unity.TextMeshPro.dll
Symbol file LoadedFromMemory is not a mono symbol file
Symbol file data-000002228406DC50 doesn't match image C:\Users\Venus\Documents\GitHub\SA_Games\Game\Library\ScriptAssemblies\UnityEngine.Advertisements.dll
Symbol file LoadedFromMemory is not a mono symbol file
Symbol file data-0000022284150A30 doesn't match image C:\Users\Venus\Documents\GitHub\SA_Games\Game\Library\ScriptAssemblies\UnityEditor.TestRunner.dll
Symbol file LoadedFromMemory is not a mono symbol file
Symbol file data-0000022284150A30 doesn't match image C:\Users\Venus\Documents\GitHub\SA_Games\Game\Library\ScriptAssemblies\Unity.2D.Sprite.Editor.dll
Symbol file LoadedFromMemory is not a mono symbol file
Symbol file data-0000022284574A30 doesn't match image C:\Users\Venus\Documents\GitHub\SA_Games\Game\Library\ScriptAssemblies\UnityEditor.UI.dll
Symbol file LoadedFromMemory is not a mono symbol file
Symbol file data-0000022280E71020 doesn't match image C:\Users\Venus\Documents\GitHub\SA_Games\Game\Library\ScriptAssemblies\Unity.Rider.Editor.dll
Symbol file LoadedFromMemory is not a mono symbol file
Symbol file data-000002247ED7C370 doesn't match image C:\Users\Venus\Documents\GitHub\SA_Games\Game\Library\ScriptAssemblies\Analytics.dll
Symbol file LoadedFromMemory is not a mono symbol file
Symbol file data-0000022280EC9250 doesn't match image C:\Users\Venus\Documents\GitHub\SA_Games\Game\Library\ScriptAssemblies\UnityEngine.SpatialTracking.dll
Symbol file LoadedFromMemory is not a mono symbol file
Symbol file data-0000022284AB8C30 doesn't match image C:\Users\Venus\Documents\GitHub\SA_Games\Game\Library\ScriptAssemblies\UnityEngine.UI.dll
Symbol file LoadedFromMemory is not a mono symbol file
Symbol file data-0000022285792030 doesn't match image C:\Users\Venus\Documents\GitHub\SA_Games\Game\Library\ScriptAssemblies\Unity.Analytics.DataPrivacy.dll
Symbol file LoadedFromMemory is not a mono symbol file
Symbol file data-0000022283F9D620 doesn't match image C:\Users\Venus\Documents\GitHub\SA_Games\Game\Library\ScriptAssemblies\Cinemachine.dll
Symbol file LoadedFromMemory is not a mono symbol file
Symbol file data-0000022283F9D620 doesn't match image C:\Users\Venus\Documents\GitHub\SA_Games\Game\Library\ScriptAssemblies\com.unity.cinemachine.editor.dll
Symbol file LoadedFromMemory is not a mono symbol file
Symbol file data-0000022280A23DF0 doesn't match image C:\Users\Venus\Documents\GitHub\SA_Games\Game\Library\ScriptAssemblies\UnityEngine.XR.LegacyInputHelpers.dll
Symbol file LoadedFromMemory is not a mono symbol file
Symbol file data-0000022284296010 doesn't match image C:\Users\Venus\Documents\GitHub\SA_Games\Game\Library\ScriptAssemblies\Unity.Timeline.Editor.dll
Symbol file LoadedFromMemory is not a mono symbol file
Symbol file data-0000022280679020 doesn't match image C:\Users\Venus\Documents\GitHub\SA_Games\Game\Library\ScriptAssemblies\UnityEditor.XR.LegacyInputHelpers.dll
Symbol file LoadedFromMemory is not a mono symbol file
Symbol file data-0000022284AC8C40 doesn't match image C:\Users\Venus\Documents\GitHub\SA_Games\Game\Library\ScriptAssemblies\Unity.CollabProxy.Editor.dll
Symbol file LoadedFromMemory is not a mono symbol file
Symbol file data-00000222848B9420 doesn't match image C:\Users\Venus\Documents\GitHub\SA_Games\Game\Library\ScriptAssemblies\UnityEngine.Monetization.dll
Symbol file LoadedFromMemory is not a mono symbol file
Symbol file data-0000022284635010 doesn't match image C:\Users\Venus\Documents\GitHub\SA_Games\Game\Library\ScriptAssemblies\UnityEditor.Purchasing.dll
Symbol file LoadedFromMemory is not a mono symbol file
Symbol file data-0000022280863030 doesn't match image C:\Users\Venus\Documents\GitHub\SA_Games\Game\Library\ScriptAssemblies\UnityEditor.SpatialTracking.dll
Symbol file LoadedFromMemory is not a mono symbol file
Symbol file data-00000222858E5030 doesn't match image C:\Users\Venus\Documents\GitHub\SA_Games\Game\Library\ScriptAssemblies\UnityEngine.Advertisements.Editor.dll
Symbol file LoadedFromMemory is not a mono symbol file
Native extension for WindowsStandalone target not found
Refreshing native plugins compatible for Editor in 0.41 ms, found 0 plugins.
Preloading 0 native plugins for Editor in 0.00 ms.
Invoked RoslynAnalysisRunner static constructor.
RoslynAnalysisRunner will not be running.
RoslynAnalysisRunner has terminated.
Mono: successfully reloaded assembly
- Completed reload, in  0.704 seconds
Platform modules already initialized, skipping
========================================================================
Worker process is ready to serve import requests
Launched and connected shader compiler UnityShaderCompiler.exe after 0.08 seconds
Refreshing native plugins compatible for Editor in 0.51 ms, found 0 plugins.
Preloading 0 native plugins for Editor in 0.00 ms.
Unloading 1552 Unused Serialized files (Serialized files now loaded: 0)
System memory in use before: 69.3 MB.
System memory in use after: 69.3 MB.

Unloading 34 unused Assets to reduce memory usage. Loaded Objects now: 1981.
Total: 1.781700 ms (FindLiveObjects: 0.199200 ms CreateObjectMapping: 0.036800 ms MarkObjects: 1.450800 ms  DeleteObjects: 0.093100 ms)

========================================================================
Received Import Request.
  path: Assets/Tile Map
  artifactKey: Guid(d7df13565477beb44b3f406c40b999e4) Importer(815301076,1909f56bfc062723c751e8b465ee728b)
Start importing Assets/Tile Map using Guid(d7df13565477beb44b3f406c40b999e4) Importer(815301076,1909f56bfc062723c751e8b465ee728b)  -> (artifact id: '5acc4b24d8d5b1de8c4e5b9d49b2dba8') in 0.008738 seconds
  Import took 0.011717 seconds .

========================================================================
Received Import Request.
  Time since last request: 1.618568 seconds.
  path: Assets/Scripts
  artifactKey: Guid(1ac3da7ea2c2b9e45a7da1875aae4d21) Importer(815301076,1909f56bfc062723c751e8b465ee728b)
Start importing Assets/Scripts using Guid(1ac3da7ea2c2b9e45a7da1875aae4d21) Importer(815301076,1909f56bfc062723c751e8b465ee728b)  -> (artifact id: 'd23c63711bc71c39d9309afbc3a26b88') in 0.005142 seconds
  Import took 0.007454 seconds .

========================================================================
Received Import Request.
  Time since last request: 1.590174 seconds.
  path: Assets/Scripts/PlayerController.cs
  artifactKey: Guid(2f007582c170b8e47bb33111f448a119) Importer(815301076,1909f56bfc062723c751e8b465ee728b)
Start importing Assets/Scripts/PlayerController.cs using Guid(2f007582c170b8e47bb33111f448a119) Importer(815301076,1909f56bfc062723c751e8b465ee728b)  -> (artifact id: '00089c18d066e52855b1908ec7d9712d') in 0.035665 seconds
  Import took 0.037912 seconds .

========================================================================
Received Import Request.
  Time since last request: 10.568252 seconds.
  path: Assets/Animation
  artifactKey: Guid(fa85f98ae7f0e604c89a6e6a66842f5c) Importer(815301076,1909f56bfc062723c751e8b465ee728b)
Start importing Assets/Animation using Guid(fa85f98ae7f0e604c89a6e6a66842f5c) Importer(815301076,1909f56bfc062723c751e8b465ee728b)  -> (artifact id: 'ad0052b6b690fdbe8ea8a294497fa6e8') in 0.005301 seconds
  Import took 0.007770 seconds .

========================================================================
Received Import Request.
  Time since last request: 3.912673 seconds.
  path: Assets/Sprites
  artifactKey: Guid(e14e5185a32f9764587a60efb75130db) Importer(815301076,1909f56bfc062723c751e8b465ee728b)
Start importing Assets/Sprites using Guid(e14e5185a32f9764587a60efb75130db) Importer(815301076,1909f56bfc062723c751e8b465ee728b)  -> (artifact id: 'ae242d728018fc098bc8c47c4ef1448b') in 0.005445 seconds
  Import took 0.007814 seconds .

========================================================================
Received Import Request.
  Time since last request: 0.216069 seconds.
  path: Assets/Sprites/Background.png
  artifactKey: Guid(33dccf83b7f7f294992c97ebe1990464) Importer(815301076,1909f56bfc062723c751e8b465ee728b)
Start importing Assets/Sprites/Background.png using Guid(33dccf83b7f7f294992c97ebe1990464) Importer(815301076,1909f56bfc062723c751e8b465ee728b)  -> (artifact id: 'fb31538e5388e824e45da43a07c3cf12') in 0.105038 seconds
  Import took 0.107418 seconds .

========================================================================
Received Import Request.
  Time since last request: 0.000154 seconds.
  path: Assets/Sprites/SlideDust.png
  artifactKey: Guid(7fb51a422c4a36e40b71b06331a74b11) Importer(815301076,1909f56bfc062723c751e8b465ee728b)
Start importing Assets/Sprites/SlideDust.png using Guid(7fb51a422c4a36e40b71b06331a74b11) Importer(815301076,1909f56bfc062723c751e8b465ee728b)  -> (artifact id: 'a0acd475982f9a86c27aa4983968753c') in 0.017340 seconds
  Import took 0.019825 seconds .

========================================================================
Received Import Request.
  Time since last request: 0.000136 seconds.
  path: Assets/Sprites/HeroKnight.png
  artifactKey: Guid(ae297123f091bbf4e8f1835eb98fb293) Importer(815301076,1909f56bfc062723c751e8b465ee728b)
Start importing Assets/Sprites/HeroKnight.png using Guid(ae297123f091bbf4e8f1835eb98fb293) Importer(815301076,1909f56bfc062723c751e8b465ee728b)  -> (artifact id: '72837b61c49e41461de4a698e6ea9983') in 0.104217 seconds
  Import took 0.106992 seconds .

========================================================================
Received Import Request.
  Time since last request: 0.000125 seconds.
  path: Assets/Sprites/BlockFlash.png
  artifactKey: Guid(a75445bb16444f14f96fdf9c734945cc) Importer(815301076,1909f56bfc062723c751e8b465ee728b)
Start importing Assets/Sprites/BlockFlash.png using Guid(a75445bb16444f14f96fdf9c734945cc) Importer(815301076,1909f56bfc062723c751e8b465ee728b)  -> (artifact id: 'ca8856e03175d93f44639141f11206ba') in 0.019529 seconds
  Import took 0.021624 seconds .

========================================================================
Received Import Request.
  Time since last request: 0.000163 seconds.
  path: Assets/Sprites/HeroKnight_DeathNoBlood.png
  artifactKey: Guid(432e48af0c833ad4587d222b812b844f) Importer(815301076,1909f56bfc062723c751e8b465ee728b)
Start importing Assets/Sprites/HeroKnight_DeathNoBlood.png using Guid(432e48af0c833ad4587d222b812b844f) Importer(815301076,1909f56bfc062723c751e8b465ee728b)  -> (artifact id: '3bf3044bfb8b0d7685e721d1d6713d5c') in 0.024144 seconds
  Import took 0.026471 seconds .

========================================================================
Received Import Request.
  Time since last request: 0.000169 seconds.
  path: Assets/Sprites/EnvironmentTiles.png
  artifactKey: Guid(f094595c900579d4c85a02612d8fa36c) Importer(815301076,1909f56bfc062723c751e8b465ee728b)
Start importing Assets/Sprites/EnvironmentTiles.png using Guid(f094595c900579d4c85a02612d8fa36c) Importer(815301076,1909f56bfc062723c751e8b465ee728b)  -> (artifact id: '67a978e15ecab927bcbfba541a380230') in 0.013087 seconds
  Import took 0.015385 seconds .

========================================================================
Received Import Request.
  Time since last request: 0.000163 seconds.
  path: Assets/Sprites/HeroKnight_BlockNoEffect.png
  artifactKey: Guid(d94b5c1ffa7794547b59105c8f561da3) Importer(815301076,1909f56bfc062723c751e8b465ee728b)
Start importing Assets/Sprites/HeroKnight_BlockNoEffect.png using Guid(d94b5c1ffa7794547b59105c8f561da3) Importer(815301076,1909f56bfc062723c751e8b465ee728b)  -> (artifact id: '3b52469d23e955e92e30d52699d7017c') in 0.020581 seconds
  Import took 0.022762 seconds .

========================================================================
Received Import Request.
  Time since last request: 147.104956 seconds.
  path: Assets/Scripts/DisplayFPS.cs
  artifactKey: Guid(ab98fc8710704aa44b720b53305ad85b) Importer(815301076,1909f56bfc062723c751e8b465ee728b)
Start importing Assets/Scripts/DisplayFPS.cs using Guid(ab98fc8710704aa44b720b53305ad85b) Importer(815301076,1909f56bfc062723c751e8b465ee728b)  -> (artifact id: '388bc88b9ae7ad75e83eef29e51f5620') in 0.006174 seconds
  Import took 0.009150 seconds .

========================================================================
Received Prepare
Registering precompiled user dll's ...
Registered in 0.001794 seconds.
Begin MonoManager ReloadAssembly
Symbol file data-0000022280877D00 doesn't match image C:\Users\Venus\Documents\GitHub\SA_Games\Game\Library\ScriptAssemblies\Unity.VSCode.Editor.dll
Symbol file LoadedFromMemory is not a mono symbol file
Symbol file data-0000022280E69010 doesn't match image C:\Users\Venus\Documents\GitHub\SA_Games\Game\Library\ScriptAssemblies\Unity.2D.Tilemap.Editor.dll
Symbol file LoadedFromMemory is not a mono symbol file
Symbol file data-0000022280877D00 doesn't match image C:\Users\Venus\Documents\GitHub\SA_Games\Game\Library\ScriptAssemblies\UnityEngine.Purchasing.dll
Symbol file LoadedFromMemory is not a mono symbol file
Symbol file data-0000022286DB2010 doesn't match image C:\Users\Venus\Documents\GitHub\SA_Games\Game\Library\ScriptAssemblies\Unity.TextMeshPro.Editor.dll
Symbol file LoadedFromMemory is not a mono symbol file
Symbol file data-00000222806BC2A0 doesn't match image C:\Users\Venus\Documents\GitHub\SA_Games\Game\Library\ScriptAssemblies\Unity.VisualStudio.Editor.dll
Symbol file LoadedFromMemory is not a mono symbol file
Symbol file data-000002228456D220 doesn't match image C:\Users\Venus\Documents\GitHub\SA_Games\Game\Library\ScriptAssemblies\UnityEngine.TestRunner.dll
Symbol file LoadedFromMemory is not a mono symbol file
Symbol file data-0000022280E69010 doesn't match image C:\Users\Venus\Documents\GitHub\SA_Games\Game\Library\ScriptAssemblies\Unity.Timeline.dll
Symbol file LoadedFromMemory is not a mono symbol file
Symbol file data-0000022283F6E010 doesn't match image C:\Users\Venus\Documents\GitHub\SA_Games\Game\Library\ScriptAssemblies\Unity.TextMeshPro.dll
Symbol file LoadedFromMemory is not a mono symbol file
Symbol file data-0000022280B13390 doesn't match image C:\Users\Venus\Documents\GitHub\SA_Games\Game\Library\ScriptAssemblies\UnityEngine.Advertisements.dll
Symbol file LoadedFromMemory is not a mono symbol file
Symbol file data-0000022284DCE010 doesn't match image C:\Users\Venus\Documents\GitHub\SA_Games\Game\Library\ScriptAssemblies\UnityEditor.TestRunner.dll
Symbol file LoadedFromMemory is not a mono symbol file
Symbol file data-0000022286DB2010 doesn't match image C:\Users\Venus\Documents\GitHub\SA_Games\Game\Library\ScriptAssemblies\Unity.2D.Sprite.Editor.dll
Symbol file LoadedFromMemory is not a mono symbol file
Symbol file data-0000022287768AE0 doesn't match image C:\Users\Venus\Documents\GitHub\SA_Games\Game\Library\ScriptAssemblies\UnityEditor.UI.dll
Symbol file LoadedFromMemory is not a mono symbol file
Symbol file data-00000222806BC2A0 doesn't match image C:\Users\Venus\Documents\GitHub\SA_Games\Game\Library\ScriptAssemblies\Unity.Rider.Editor.dll
Symbol file LoadedFromMemory is not a mono symbol file
Symbol file data-0000022287727070 doesn't match image C:\Users\Venus\Documents\GitHub\SA_Games\Game\Library\ScriptAssemblies\Analytics.dll
Symbol file LoadedFromMemory is not a mono symbol file
Symbol file data-0000022280EBFD90 doesn't match image C:\Users\Venus\Documents\GitHub\SA_Games\Game\Library\ScriptAssemblies\UnityEngine.SpatialTracking.dll
Symbol file LoadedFromMemory is not a mono symbol file
Symbol file data-0000022284DFFAD0 doesn't match image C:\Users\Venus\Documents\GitHub\SA_Games\Game\Library\ScriptAssemblies\UnityEngine.UI.dll
Symbol file LoadedFromMemory is not a mono symbol file
Symbol file data-00000222876664A0 doesn't match image C:\Users\Venus\Documents\GitHub\SA_Games\Game\Library\ScriptAssemblies\Unity.Analytics.DataPrivacy.dll
Symbol file LoadedFromMemory is not a mono symbol file
Symbol file data-000002228089F020 doesn't match image C:\Users\Venus\Documents\GitHub\SA_Games\Game\Library\ScriptAssemblies\Cinemachine.dll
Symbol file LoadedFromMemory is not a mono symbol file
Symbol file data-00000222859B5020 doesn't match image C:\Users\Venus\Documents\GitHub\SA_Games\Game\Library\ScriptAssemblies\com.unity.cinemachine.editor.dll
Symbol file LoadedFromMemory is not a mono symbol file
Symbol file data-0000022283F9BA20 doesn't match image C:\Users\Venus\Documents\GitHub\SA_Games\Game\Library\ScriptAssemblies\UnityEngine.XR.LegacyInputHelpers.dll
Symbol file LoadedFromMemory is not a mono symbol file
Symbol file data-0000022284846010 doesn't match image C:\Users\Venus\Documents\GitHub\SA_Games\Game\Library\ScriptAssemblies\Unity.Timeline.Editor.dll
Symbol file LoadedFromMemory is not a mono symbol file
Symbol file data-000002228586D060 doesn't match image C:\Users\Venus\Documents\GitHub\SA_Games\Game\Library\ScriptAssemblies\UnityEditor.XR.LegacyInputHelpers.dll
Symbol file LoadedFromMemory is not a mono symbol file
Symbol file data-00000222859B5020 doesn't match image C:\Users\Venus\Documents\GitHub\SA_Games\Game\Library\ScriptAssemblies\Unity.CollabProxy.Editor.dll
Symbol file LoadedFromMemory is not a mono symbol file
Symbol file data-0000022280B13390 doesn't match image C:\Users\Venus\Documents\GitHub\SA_Games\Game\Library\ScriptAssemblies\UnityEngine.Monetization.dll
Symbol file LoadedFromMemory is not a mono symbol file
Symbol file data-000002228586D060 doesn't match image C:\Users\Venus\Documents\GitHub\SA_Games\Game\Library\ScriptAssemblies\UnityEditor.Purchasing.dll
Symbol file LoadedFromMemory is not a mono symbol file
Symbol file data-000002228086F5B0 doesn't match image C:\Users\Venus\Documents\GitHub\SA_Games\Game\Library\ScriptAssemblies\UnityEditor.SpatialTracking.dll
Symbol file LoadedFromMemory is not a mono symbol file
Symbol file data-00000222840BB810 doesn't match image C:\Users\Venus\Documents\GitHub\SA_Games\Game\Library\ScriptAssemblies\UnityEngine.Advertisements.Editor.dll
Symbol file LoadedFromMemory is not a mono symbol file
Native extension for WindowsStandalone target not found
Refreshing native plugins compatible for Editor in 0.72 ms, found 0 plugins.
Preloading 0 native plugins for Editor in 0.00 ms.
Invoked RoslynAnalysisRunner static constructor.
RoslynAnalysisRunner will not be running.
RoslynAnalysisRunner has terminated.
Mono: successfully reloaded assembly
- Completed reload, in  0.773 seconds
Platform modules already initialized, skipping
Refreshing native plugins compatible for Editor in 0.56 ms, found 0 plugins.
Preloading 0 native plugins for Editor in 0.00 ms.
Unloading 1547 Unused Serialized files (Serialized files now loaded: 0)
System memory in use before: 72.3 MB.
System memory in use after: 72.4 MB.

Unloading 25 unused Assets to reduce memory usage. Loaded Objects now: 2006.
Total: 1.797700 ms (FindLiveObjects: 0.276400 ms CreateObjectMapping: 0.048000 ms MarkObjects: 1.453700 ms  DeleteObjects: 0.017800 ms)

========================================================================
Received Prepare
Registering precompiled user dll's ...
Registered in 0.001906 seconds.
Begin MonoManager ReloadAssembly
Symbol file data-0000022285DF5020 doesn't match image C:\Users\Venus\Documents\GitHub\SA_Games\Game\Library\ScriptAssemblies\Unity.VSCode.Editor.dll
Symbol file LoadedFromMemory is not a mono symbol file
Symbol file data-0000022283ED0880 doesn't match image C:\Users\Venus\Documents\GitHub\SA_Games\Game\Library\ScriptAssemblies\Unity.2D.Tilemap.Editor.dll
Symbol file LoadedFromMemory is not a mono symbol file
Symbol file data-0000022284E1DE00 doesn't match image C:\Users\Venus\Documents\GitHub\SA_Games\Game\Library\ScriptAssemblies\UnityEngine.Purchasing.dll
Symbol file LoadedFromMemory is not a mono symbol file
Symbol file data-0000022280746B00 doesn't match image C:\Users\Venus\Documents\GitHub\SA_Games\Game\Library\ScriptAssemblies\Unity.TextMeshPro.Editor.dll
Symbol file LoadedFromMemory is not a mono symbol file
Symbol file data-00000222806BC2A0 doesn't match image C:\Users\Venus\Documents\GitHub\SA_Games\Game\Library\ScriptAssemblies\Unity.VisualStudio.Editor.dll
Symbol file LoadedFromMemory is not a mono symbol file
Symbol file data-0000022284320020 doesn't match image C:\Users\Venus\Documents\GitHub\SA_Games\Game\Library\ScriptAssemblies\UnityEngine.TestRunner.dll
Symbol file LoadedFromMemory is not a mono symbol file
Symbol file data-0000022280E69010 doesn't match image C:\Users\Venus\Documents\GitHub\SA_Games\Game\Library\ScriptAssemblies\Unity.Timeline.dll
Symbol file LoadedFromMemory is not a mono symbol file
Symbol file data-0000022283F6E010 doesn't match image C:\Users\Venus\Documents\GitHub\SA_Games\Game\Library\ScriptAssemblies\Unity.TextMeshPro.dll
Symbol file LoadedFromMemory is not a mono symbol file
Symbol file data-00000222841B5020 doesn't match image C:\Users\Venus\Documents\GitHub\SA_Games\Game\Library\ScriptAssemblies\UnityEngine.Advertisements.dll
Symbol file LoadedFromMemory is not a mono symbol file
Symbol file data-0000022284DCE010 doesn't match image C:\Users\Venus\Documents\GitHub\SA_Games\Game\Library\ScriptAssemblies\UnityEditor.TestRunner.dll
Symbol file LoadedFromMemory is not a mono symbol file
Symbol file data-00000222859B5020 doesn't match image C:\Users\Venus\Documents\GitHub\SA_Games\Game\Library\ScriptAssemblies\Unity.2D.Sprite.Editor.dll
Symbol file LoadedFromMemory is not a mono symbol file
Symbol file data-0000022285502860 doesn't match image C:\Users\Venus\Documents\GitHub\SA_Games\Game\Library\ScriptAssemblies\UnityEditor.UI.dll
Symbol file LoadedFromMemory is not a mono symbol file
Symbol file data-00000222853C6020 doesn't match image C:\Users\Venus\Documents\GitHub\SA_Games\Game\Library\ScriptAssemblies\Unity.Rider.Editor.dll
Symbol file LoadedFromMemory is not a mono symbol file
Symbol file data-0000022287725190 doesn't match image C:\Users\Venus\Documents\GitHub\SA_Games\Game\Library\ScriptAssemblies\Analytics.dll
Symbol file LoadedFromMemory is not a mono symbol file
Symbol file data-0000022285A91B70 doesn't match image C:\Users\Venus\Documents\GitHub\SA_Games\Game\Library\ScriptAssemblies\UnityEngine.SpatialTracking.dll
Symbol file LoadedFromMemory is not a mono symbol file
Symbol file data-0000022286E88040 doesn't match image C:\Users\Venus\Documents\GitHub\SA_Games\Game\Library\ScriptAssemblies\UnityEngine.UI.dll
Symbol file LoadedFromMemory is not a mono symbol file
Symbol file data-0000022287B0D580 doesn't match image C:\Users\Venus\Documents\GitHub\SA_Games\Game\Library\ScriptAssemblies\Unity.Analytics.DataPrivacy.dll
Symbol file LoadedFromMemory is not a mono symbol file
Symbol file data-0000022284D9F030 doesn't match image C:\Users\Venus\Documents\GitHub\SA_Games\Game\Library\ScriptAssemblies\Cinemachine.dll
Symbol file LoadedFromMemory is not a mono symbol file
Symbol file data-00000222859B5020 doesn't match image C:\Users\Venus\Documents\GitHub\SA_Games\Game\Library\ScriptAssemblies\com.unity.cinemachine.editor.dll
Symbol file LoadedFromMemory is not a mono symbol file
Symbol file data-00000222842D6040 doesn't match image C:\Users\Venus\Documents\GitHub\SA_Games\Game\Library\ScriptAssemblies\UnityEngine.XR.LegacyInputHelpers.dll
Symbol file LoadedFromMemory is not a mono symbol file
Symbol file data-0000022284846010 doesn't match image C:\Users\Venus\Documents\GitHub\SA_Games\Game\Library\ScriptAssemblies\Unity.Timeline.Editor.dll
Symbol file LoadedFromMemory is not a mono symbol file
Symbol file data-0000022285B22040 doesn't match image C:\Users\Venus\Documents\GitHub\SA_Games\Game\Library\ScriptAssemblies\UnityEditor.XR.LegacyInputHelpers.dll
Symbol file LoadedFromMemory is not a mono symbol file
Symbol file data-0000022280E69010 doesn't match image C:\Users\Venus\Documents\GitHub\SA_Games\Game\Library\ScriptAssemblies\Unity.CollabProxy.Editor.dll
Symbol file LoadedFromMemory is not a mono symbol file
Symbol file data-0000022285FCAE30 doesn't match image C:\Users\Venus\Documents\GitHub\SA_Games\Game\Library\ScriptAssemblies\UnityEngine.Monetization.dll
Symbol file LoadedFromMemory is not a mono symbol file
Symbol file data-0000022285B22040 doesn't match image C:\Users\Venus\Documents\GitHub\SA_Games\Game\Library\ScriptAssemblies\UnityEditor.Purchasing.dll
Symbol file LoadedFromMemory is not a mono symbol file
Symbol file data-0000022287BBA5C0 doesn't match image C:\Users\Venus\Documents\GitHub\SA_Games\Game\Library\ScriptAssemblies\UnityEditor.SpatialTracking.dll
Symbol file LoadedFromMemory is not a mono symbol file
Symbol file data-0000022285B22040 doesn't match image C:\Users\Venus\Documents\GitHub\SA_Games\Game\Library\ScriptAssemblies\UnityEngine.Advertisements.Editor.dll
Symbol file LoadedFromMemory is not a mono symbol file
Native extension for WindowsStandalone target not found
Refreshing native plugins compatible for Editor in 0.56 ms, found 0 plugins.
Preloading 0 native plugins for Editor in 0.00 ms.
Invoked RoslynAnalysisRunner static constructor.
RoslynAnalysisRunner will not be running.
RoslynAnalysisRunner has terminated.
Mono: successfully reloaded assembly
- Completed reload, in  0.686 seconds
Platform modules already initialized, skipping
Refreshing native plugins compatible for Editor in 0.53 ms, found 0 plugins.
Preloading 0 native plugins for Editor in 0.00 ms.
Unloading 1545 Unused Serialized files (Serialized files now loaded: 0)
System memory in use before: 72.2 MB.
System memory in use after: 72.3 MB.

Unloading 25 unused Assets to reduce memory usage. Loaded Objects now: 2009.
Total: 1.988500 ms (FindLiveObjects: 0.190800 ms CreateObjectMapping: 0.039800 ms MarkObjects: 1.734500 ms  DeleteObjects: 0.022300 ms)

========================================================================
Received Import Request.
  Time since last request: 114.252148 seconds.
  path: Assets/Scripts/ShowFPS.cs
  artifactKey: Guid(41dd3d0704211b94a8bf07df95db8d5c) Importer(815301076,1909f56bfc062723c751e8b465ee728b)
Start importing Assets/Scripts/ShowFPS.cs using Guid(41dd3d0704211b94a8bf07df95db8d5c) Importer(815301076,1909f56bfc062723c751e8b465ee728b)  -> (artifact id: 'f8c5c06c1c78f578575f22fe1c7ed411') in 0.010324 seconds
  Import took 0.013517 seconds .

========================================================================
Received Prepare
Registering precompiled user dll's ...
Registered in 0.001834 seconds.
Begin MonoManager ReloadAssembly
Symbol file data-0000022287BCCCF0 doesn't match image C:\Users\Venus\Documents\GitHub\SA_Games\Game\Library\ScriptAssemblies\Unity.VSCode.Editor.dll
Symbol file LoadedFromMemory is not a mono symbol file
Symbol file data-00000222841ABA40 doesn't match image C:\Users\Venus\Documents\GitHub\SA_Games\Game\Library\ScriptAssemblies\Unity.2D.Tilemap.Editor.dll
Symbol file LoadedFromMemory is not a mono symbol file
Symbol file data-00000222875344C0 doesn't match image C:\Users\Venus\Documents\GitHub\SA_Games\Game\Library\ScriptAssemblies\UnityEngine.Purchasing.dll
Symbol file LoadedFromMemory is not a mono symbol file
Symbol file data-00000222874AED00 doesn't match image C:\Users\Venus\Documents\GitHub\SA_Games\Game\Library\ScriptAssemblies\Unity.TextMeshPro.Editor.dll
Symbol file LoadedFromMemory is not a mono symbol file
Symbol file data-0000022284B3A020 doesn't match image C:\Users\Venus\Documents\GitHub\SA_Games\Game\Library\ScriptAssemblies\Unity.VisualStudio.Editor.dll
Symbol file LoadedFromMemory is not a mono symbol file
Symbol file data-00000222806E0010 doesn't match image C:\Users\Venus\Documents\GitHub\SA_Games\Game\Library\ScriptAssemblies\UnityEngine.TestRunner.dll
Symbol file LoadedFromMemory is not a mono symbol file
Symbol file data-00000222841ABA40 doesn't match image C:\Users\Venus\Documents\GitHub\SA_Games\Game\Library\ScriptAssemblies\Unity.Timeline.dll
Symbol file LoadedFromMemory is not a mono symbol file
Symbol file data-0000022284177020 doesn't match image C:\Users\Venus\Documents\GitHub\SA_Games\Game\Library\ScriptAssemblies\Unity.TextMeshPro.dll
Symbol file LoadedFromMemory is not a mono symbol file
Symbol file data-0000022284AD2020 doesn't match image C:\Users\Venus\Documents\GitHub\SA_Games\Game\Library\ScriptAssemblies\UnityEngine.Advertisements.dll
Symbol file LoadedFromMemory is not a mono symbol file
Symbol file data-0000022284DCE010 doesn't match image C:\Users\Venus\Documents\GitHub\SA_Games\Game\Library\ScriptAssemblies\UnityEditor.TestRunner.dll
Symbol file LoadedFromMemory is not a mono symbol file
Symbol file data-00000222859B5020 doesn't match image C:\Users\Venus\Documents\GitHub\SA_Games\Game\Library\ScriptAssemblies\Unity.2D.Sprite.Editor.dll
Symbol file LoadedFromMemory is not a mono symbol file
Symbol file data-00000222855FD020 doesn't match image C:\Users\Venus\Documents\GitHub\SA_Games\Game\Library\ScriptAssemblies\UnityEditor.UI.dll
Symbol file LoadedFromMemory is not a mono symbol file
Symbol file data-000002228451F050 doesn't match image C:\Users\Venus\Documents\GitHub\SA_Games\Game\Library\ScriptAssemblies\Unity.Rider.Editor.dll
Symbol file LoadedFromMemory is not a mono symbol file
Symbol file data-00000222877266F0 doesn't match image C:\Users\Venus\Documents\GitHub\SA_Games\Game\Library\ScriptAssemblies\Analytics.dll
Symbol file LoadedFromMemory is not a mono symbol file
Symbol file data-000002228736EB70 doesn't match image C:\Users\Venus\Documents\GitHub\SA_Games\Game\Library\ScriptAssemblies\UnityEngine.SpatialTracking.dll
Symbol file LoadedFromMemory is not a mono symbol file
Symbol file data-0000022285EBF010 doesn't match image C:\Users\Venus\Documents\GitHub\SA_Games\Game\Library\ScriptAssemblies\UnityEngine.UI.dll
Symbol file LoadedFromMemory is not a mono symbol file
Symbol file data-0000022288FCA1F0 doesn't match image C:\Users\Venus\Documents\GitHub\SA_Games\Game\Library\ScriptAssemblies\Unity.Analytics.DataPrivacy.dll
Symbol file LoadedFromMemory is not a mono symbol file
Symbol file data-00000222843D7020 doesn't match image C:\Users\Venus\Documents\GitHub\SA_Games\Game\Library\ScriptAssemblies\Cinemachine.dll
Symbol file LoadedFromMemory is not a mono symbol file
Symbol file data-00000222859B5020 doesn't match image C:\Users\Venus\Documents\GitHub\SA_Games\Game\Library\ScriptAssemblies\com.unity.cinemachine.editor.dll
Symbol file LoadedFromMemory is not a mono symbol file
Symbol file data-00000222809D6450 doesn't match image C:\Users\Venus\Documents\GitHub\SA_Games\Game\Library\ScriptAssemblies\UnityEngine.XR.LegacyInputHelpers.dll
Symbol file LoadedFromMemory is not a mono symbol file
Symbol file data-00000222858E5B70 doesn't match image C:\Users\Venus\Documents\GitHub\SA_Games\Game\Library\ScriptAssemblies\Unity.Timeline.Editor.dll
Symbol file LoadedFromMemory is not a mono symbol file
Symbol file data-000002228421D020 doesn't match image C:\Users\Venus\Documents\GitHub\SA_Games\Game\Library\ScriptAssemblies\UnityEditor.XR.LegacyInputHelpers.dll
Symbol file LoadedFromMemory is not a mono symbol file
Symbol file data-00000222806E0010 doesn't match image C:\Users\Venus\Documents\GitHub\SA_Games\Game\Library\ScriptAssemblies\Unity.CollabProxy.Editor.dll
Symbol file LoadedFromMemory is not a mono symbol file
Symbol file data-0000022285FCAE30 doesn't match image C:\Users\Venus\Documents\GitHub\SA_Games\Game\Library\ScriptAssemblies\UnityEngine.Monetization.dll
Symbol file LoadedFromMemory is not a mono symbol file
Symbol file data-000002228421D020 doesn't match image C:\Users\Venus\Documents\GitHub\SA_Games\Game\Library\ScriptAssemblies\UnityEditor.Purchasing.dll
Symbol file LoadedFromMemory is not a mono symbol file
Symbol file data-000002228730E8B0 doesn't match image C:\Users\Venus\Documents\GitHub\SA_Games\Game\Library\ScriptAssemblies\UnityEditor.SpatialTracking.dll
Symbol file LoadedFromMemory is not a mono symbol file
Symbol file data-0000022285EE7170 doesn't match image C:\Users\Venus\Documents\GitHub\SA_Games\Game\Library\ScriptAssemblies\UnityEngine.Advertisements.Editor.dll
Symbol file LoadedFromMemory is not a mono symbol file
Native extension for WindowsStandalone target not found
Refreshing native plugins compatible for Editor in 0.43 ms, found 0 plugins.
Preloading 0 native plugins for Editor in 0.00 ms.
Invoked RoslynAnalysisRunner static constructor.
RoslynAnalysisRunner will not be running.
RoslynAnalysisRunner has terminated.
Mono: successfully reloaded assembly
- Completed reload, in  0.744 seconds
Platform modules already initialized, skipping
Refreshing native plugins compatible for Editor in 0.43 ms, found 0 plugins.
Preloading 0 native plugins for Editor in 0.00 ms.
Unloading 1546 Unused Serialized files (Serialized files now loaded: 0)
System memory in use before: 72.3 MB.
System memory in use after: 72.4 MB.

Unloading 25 unused Assets to reduce memory usage. Loaded Objects now: 2013.
Total: 1.675100 ms (FindLiveObjects: 0.187500 ms CreateObjectMapping: 0.037400 ms MarkObjects: 1.433700 ms  DeleteObjects: 0.015700 ms)

========================================================================
Received Import Request.
  Time since last request: 182.032343 seconds.
  path: Assets/Scripts/ShowFPS.cs
  artifactKey: Guid(41dd3d0704211b94a8bf07df95db8d5c) Importer(815301076,1909f56bfc062723c751e8b465ee728b)
Start importing Assets/Scripts/ShowFPS.cs using Guid(41dd3d0704211b94a8bf07df95db8d5c) Importer(815301076,1909f56bfc062723c751e8b465ee728b)  -> (artifact id: '50f4e2a03a6d7eedb989c5d297ee6e57') in 0.004653 seconds
  Import took 0.007261 seconds .

========================================================================
Received Prepare
Registering precompiled user dll's ...
Registered in 0.001741 seconds.
Begin MonoManager ReloadAssembly
Symbol file data-0000022456807F40 doesn't match image C:\Users\Venus\Documents\GitHub\SA_Games\Game\Library\ScriptAssemblies\Unity.VSCode.Editor.dll
Symbol file LoadedFromMemory is not a mono symbol file
Symbol file data-00000222841ABA40 doesn't match image C:\Users\Venus\Documents\GitHub\SA_Games\Game\Library\ScriptAssemblies\Unity.2D.Tilemap.Editor.dll
Symbol file LoadedFromMemory is not a mono symbol file
Symbol file data-0000022456823570 doesn't match image C:\Users\Venus\Documents\GitHub\SA_Games\Game\Library\ScriptAssemblies\UnityEngine.Purchasing.dll
Symbol file LoadedFromMemory is not a mono symbol file
Symbol file data-0000022284964030 doesn't match image C:\Users\Venus\Documents\GitHub\SA_Games\Game\Library\ScriptAssemblies\Unity.TextMeshPro.Editor.dll
Symbol file LoadedFromMemory is not a mono symbol file
Symbol file data-00000222855D6B10 doesn't match image C:\Users\Venus\Documents\GitHub\SA_Games\Game\Library\ScriptAssemblies\Unity.VisualStudio.Editor.dll
Symbol file LoadedFromMemory is not a mono symbol file
Symbol file data-0000022288CBA020 doesn't match image C:\Users\Venus\Documents\GitHub\SA_Games\Game\Library\ScriptAssemblies\UnityEngine.TestRunner.dll
Symbol file LoadedFromMemory is not a mono symbol file
Symbol file data-00000222841ABA40 doesn't match image C:\Users\Venus\Documents\GitHub\SA_Games\Game\Library\ScriptAssemblies\Unity.Timeline.dll
Symbol file LoadedFromMemory is not a mono symbol file
Symbol file data-000002228583E040 doesn't match image C:\Users\Venus\Documents\GitHub\SA_Games\Game\Library\ScriptAssemblies\Unity.TextMeshPro.dll
Symbol file LoadedFromMemory is not a mono symbol file
Symbol file data-00000222854E7410 doesn't match image C:\Users\Venus\Documents\GitHub\SA_Games\Game\Library\ScriptAssemblies\UnityEngine.Advertisements.dll
Symbol file LoadedFromMemory is not a mono symbol file
Symbol file data-0000022288E1B650 doesn't match image C:\Users\Venus\Documents\GitHub\SA_Games\Game\Library\ScriptAssemblies\UnityEditor.TestRunner.dll
Symbol file LoadedFromMemory is not a mono symbol file
Symbol file data-0000022284320020 doesn't match image C:\Users\Venus\Documents\GitHub\SA_Games\Game\Library\ScriptAssemblies\Unity.2D.Sprite.Editor.dll
Symbol file LoadedFromMemory is not a mono symbol file
Symbol file data-00000222861D5020 doesn't match image C:\Users\Venus\Documents\GitHub\SA_Games\Game\Library\ScriptAssemblies\UnityEditor.UI.dll
Symbol file LoadedFromMemory is not a mono symbol file
Symbol file data-00000222806BC2A0 doesn't match image C:\Users\Venus\Documents\GitHub\SA_Games\Game\Library\ScriptAssemblies\Unity.Rider.Editor.dll
Symbol file LoadedFromMemory is not a mono symbol file
Symbol file data-0000022287726950 doesn't match image C:\Users\Venus\Documents\GitHub\SA_Games\Game\Library\ScriptAssemblies\Analytics.dll
Symbol file LoadedFromMemory is not a mono symbol file
Symbol file data-00000222870948B0 doesn't match image C:\Users\Venus\Documents\GitHub\SA_Games\Game\Library\ScriptAssemblies\UnityEngine.SpatialTracking.dll
Symbol file LoadedFromMemory is not a mono symbol file
Symbol file data-00000222808B4420 doesn't match image C:\Users\Venus\Documents\GitHub\SA_Games\Game\Library\ScriptAssemblies\UnityEngine.UI.dll
Symbol file LoadedFromMemory is not a mono symbol file
Symbol file data-0000022289263BF0 doesn't match image C:\Users\Venus\Documents\GitHub\SA_Games\Game\Library\ScriptAssemblies\Unity.Analytics.DataPrivacy.dll
Symbol file LoadedFromMemory is not a mono symbol file
Symbol file data-0000022288E1B650 doesn't match image C:\Users\Venus\Documents\GitHub\SA_Games\Game\Library\ScriptAssemblies\Cinemachine.dll
Symbol file LoadedFromMemory is not a mono symbol file
Symbol file data-0000022287727E50 doesn't match image C:\Users\Venus\Documents\GitHub\SA_Games\Game\Library\ScriptAssemblies\com.unity.cinemachine.editor.dll
Symbol file LoadedFromMemory is not a mono symbol file
Symbol file data-00000222809D6450 doesn't match image C:\Users\Venus\Documents\GitHub\SA_Games\Game\Library\ScriptAssemblies\UnityEngine.XR.LegacyInputHelpers.dll
Symbol file LoadedFromMemory is not a mono symbol file
Symbol file data-000002228618B020 doesn't match image C:\Users\Venus\Documents\GitHub\SA_Games\Game\Library\ScriptAssemblies\Unity.Timeline.Editor.dll
Symbol file LoadedFromMemory is not a mono symbol file
Symbol file data-0000022284DBB030 doesn't match image C:\Users\Venus\Documents\GitHub\SA_Games\Game\Library\ScriptAssemblies\UnityEditor.XR.LegacyInputHelpers.dll
Symbol file LoadedFromMemory is not a mono symbol file
Symbol file data-0000022288CBA020 doesn't match image C:\Users\Venus\Documents\GitHub\SA_Games\Game\Library\ScriptAssemblies\Unity.CollabProxy.Editor.dll
Symbol file LoadedFromMemory is not a mono symbol file
Symbol file data-0000022456823570 doesn't match image C:\Users\Venus\Documents\GitHub\SA_Games\Game\Library\ScriptAssemblies\UnityEngine.Monetization.dll
Symbol file LoadedFromMemory is not a mono symbol file
Symbol file data-0000022284DBB030 doesn't match image C:\Users\Venus\Documents\GitHub\SA_Games\Game\Library\ScriptAssemblies\UnityEditor.Purchasing.dll
Symbol file LoadedFromMemory is not a mono symbol file
Symbol file data-0000022284E8B0A0 doesn't match image C:\Users\Venus\Documents\GitHub\SA_Games\Game\Library\ScriptAssemblies\UnityEditor.SpatialTracking.dll
Symbol file LoadedFromMemory is not a mono symbol file
Symbol file data-00000222807B4020 doesn't match image C:\Users\Venus\Documents\GitHub\SA_Games\Game\Library\ScriptAssemblies\UnityEngine.Advertisements.Editor.dll
Symbol file LoadedFromMemory is not a mono symbol file
Native extension for WindowsStandalone target not found
Refreshing native plugins compatible for Editor in 0.41 ms, found 0 plugins.
Preloading 0 native plugins for Editor in 0.00 ms.
Invoked RoslynAnalysisRunner static constructor.
RoslynAnalysisRunner will not be running.
RoslynAnalysisRunner has terminated.
Mono: successfully reloaded assembly
- Completed reload, in  0.708 seconds
Platform modules already initialized, skipping
Refreshing native plugins compatible for Editor in 0.41 ms, found 0 plugins.
Preloading 0 native plugins for Editor in 0.00 ms.
Unloading 1546 Unused Serialized files (Serialized files now loaded: 0)
System memory in use before: 72.3 MB.
System memory in use after: 72.4 MB.

Unloading 25 unused Assets to reduce memory usage. Loaded Objects now: 2016.
Total: 2.103000 ms (FindLiveObjects: 0.200400 ms CreateObjectMapping: 0.034200 ms MarkObjects: 1.846200 ms  DeleteObjects: 0.021000 ms)

========================================================================
Received Import Request.
  Time since last request: 51.759120 seconds.
  path: Assets/Scripts/ShowFPS.cs
  artifactKey: Guid(41dd3d0704211b94a8bf07df95db8d5c) Importer(815301076,1909f56bfc062723c751e8b465ee728b)
Start importing Assets/Scripts/ShowFPS.cs using Guid(41dd3d0704211b94a8bf07df95db8d5c) Importer(815301076,1909f56bfc062723c751e8b465ee728b)  -> (artifact id: 'c7130b2ce0ff89e66f76191ae8e39807') in 0.004716 seconds
  Import took 0.007331 seconds .

========================================================================
Received Prepare
Registering precompiled user dll's ...
Registered in 0.001541 seconds.
Begin MonoManager ReloadAssembly
Symbol file data-0000022456807F40 doesn't match image C:\Users\Venus\Documents\GitHub\SA_Games\Game\Library\ScriptAssemblies\Unity.VSCode.Editor.dll
Symbol file LoadedFromMemory is not a mono symbol file
Symbol file data-00000222841ABA40 doesn't match image C:\Users\Venus\Documents\GitHub\SA_Games\Game\Library\ScriptAssemblies\Unity.2D.Tilemap.Editor.dll
Symbol file LoadedFromMemory is not a mono symbol file
Symbol file data-0000022280BA1030 doesn't match image C:\Users\Venus\Documents\GitHub\SA_Games\Game\Library\ScriptAssemblies\UnityEngine.Purchasing.dll
Symbol file LoadedFromMemory is not a mono symbol file
Symbol file data-0000022285B65030 doesn't match image C:\Users\Venus\Documents\GitHub\SA_Games\Game\Library\ScriptAssemblies\Unity.TextMeshPro.Editor.dll
Symbol file LoadedFromMemory is not a mono symbol file
Symbol file data-00000222855D6B10 doesn't match image C:\Users\Venus\Documents\GitHub\SA_Games\Game\Library\ScriptAssemblies\Unity.VisualStudio.Editor.dll
Symbol file LoadedFromMemory is not a mono symbol file
Symbol file data-0000022288CBA020 doesn't match image C:\Users\Venus\Documents\GitHub\SA_Games\Game\Library\ScriptAssemblies\UnityEngine.TestRunner.dll
Symbol file LoadedFromMemory is not a mono symbol file
Symbol file data-00000222841ABA40 doesn't match image C:\Users\Venus\Documents\GitHub\SA_Games\Game\Library\ScriptAssemblies\Unity.Timeline.dll
Symbol file LoadedFromMemory is not a mono symbol file
Symbol file data-000002228583E040 doesn't match image C:\Users\Venus\Documents\GitHub\SA_Games\Game\Library\ScriptAssemblies\Unity.TextMeshPro.dll
Symbol file LoadedFromMemory is not a mono symbol file
Symbol file data-0000022285CA5090 doesn't match image C:\Users\Venus\Documents\GitHub\SA_Games\Game\Library\ScriptAssemblies\UnityEngine.Advertisements.dll
Symbol file LoadedFromMemory is not a mono symbol file
Symbol file data-0000022288E1B650 doesn't match image C:\Users\Venus\Documents\GitHub\SA_Games\Game\Library\ScriptAssemblies\UnityEditor.TestRunner.dll
Symbol file LoadedFromMemory is not a mono symbol file
Symbol file data-0000022284320020 doesn't match image C:\Users\Venus\Documents\GitHub\SA_Games\Game\Library\ScriptAssemblies\Unity.2D.Sprite.Editor.dll
Symbol file LoadedFromMemory is not a mono symbol file
Symbol file data-00000222861D5020 doesn't match image C:\Users\Venus\Documents\GitHub\SA_Games\Game\Library\ScriptAssemblies\UnityEditor.UI.dll
Symbol file LoadedFromMemory is not a mono symbol file
Symbol file data-0000022286241020 doesn't match image C:\Users\Venus\Documents\GitHub\SA_Games\Game\Library\ScriptAssemblies\Unity.Rider.Editor.dll
Symbol file LoadedFromMemory is not a mono symbol file
Symbol file data-0000022287724CD0 doesn't match image C:\Users\Venus\Documents\GitHub\SA_Games\Game\Library\ScriptAssemblies\Analytics.dll
Symbol file LoadedFromMemory is not a mono symbol file
Symbol file data-0000022285D427C0 doesn't match image C:\Users\Venus\Documents\GitHub\SA_Games\Game\Library\ScriptAssemblies\UnityEngine.SpatialTracking.dll
Symbol file LoadedFromMemory is not a mono symbol file
Symbol file data-0000022285AF3020 doesn't match image C:\Users\Venus\Documents\GitHub\SA_Games\Game\Library\ScriptAssemblies\UnityEngine.UI.dll
Symbol file LoadedFromMemory is not a mono symbol file
Symbol file data-0000022286E91D70 doesn't match image C:\Users\Venus\Documents\GitHub\SA_Games\Game\Library\ScriptAssemblies\Unity.Analytics.DataPrivacy.dll
Symbol file LoadedFromMemory is not a mono symbol file
Symbol file data-0000022288E1B650 doesn't match image C:\Users\Venus\Documents\GitHub\SA_Games\Game\Library\ScriptAssemblies\Cinemachine.dll
Symbol file LoadedFromMemory is not a mono symbol file
Symbol file data-0000022287727E50 doesn't match image C:\Users\Venus\Documents\GitHub\SA_Games\Game\Library\ScriptAssemblies\com.unity.cinemachine.editor.dll
Symbol file LoadedFromMemory is not a mono symbol file
Symbol file data-00000222809D6450 doesn't match image C:\Users\Venus\Documents\GitHub\SA_Games\Game\Library\ScriptAssemblies\UnityEngine.XR.LegacyInputHelpers.dll
Symbol file LoadedFromMemory is not a mono symbol file
Symbol file data-0000022284C83020 doesn't match image C:\Users\Venus\Documents\GitHub\SA_Games\Game\Library\ScriptAssemblies\Unity.Timeline.Editor.dll
Symbol file LoadedFromMemory is not a mono symbol file
Symbol file data-000002228586D060 doesn't match image C:\Users\Venus\Documents\GitHub\SA_Games\Game\Library\ScriptAssemblies\UnityEditor.XR.LegacyInputHelpers.dll
Symbol file LoadedFromMemory is not a mono symbol file
Symbol file data-0000022288CBA020 doesn't match image C:\Users\Venus\Documents\GitHub\SA_Games\Game\Library\ScriptAssemblies\Unity.CollabProxy.Editor.dll
Symbol file LoadedFromMemory is not a mono symbol file
Symbol file data-0000022280BA1030 doesn't match image C:\Users\Venus\Documents\GitHub\SA_Games\Game\Library\ScriptAssemblies\UnityEngine.Monetization.dll
Symbol file LoadedFromMemory is not a mono symbol file
Symbol file data-000002228586D060 doesn't match image C:\Users\Venus\Documents\GitHub\SA_Games\Game\Library\ScriptAssemblies\UnityEditor.Purchasing.dll
Symbol file LoadedFromMemory is not a mono symbol file
Symbol file data-0000022280878770 doesn't match image C:\Users\Venus\Documents\GitHub\SA_Games\Game\Library\ScriptAssemblies\UnityEditor.SpatialTracking.dll
Symbol file LoadedFromMemory is not a mono symbol file
Symbol file data-000002228406E650 doesn't match image C:\Users\Venus\Documents\GitHub\SA_Games\Game\Library\ScriptAssemblies\UnityEngine.Advertisements.Editor.dll
Symbol file LoadedFromMemory is not a mono symbol file
Native extension for WindowsStandalone target not found
Refreshing native plugins compatible for Editor in 0.42 ms, found 0 plugins.
Preloading 0 native plugins for Editor in 0.00 ms.
Invoked RoslynAnalysisRunner static constructor.
RoslynAnalysisRunner will not be running.
RoslynAnalysisRunner has terminated.
Mono: successfully reloaded assembly
- Completed reload, in  0.665 seconds
Platform modules already initialized, skipping
Refreshing native plugins compatible for Editor in 0.40 ms, found 0 plugins.
Preloading 0 native plugins for Editor in 0.00 ms.
Unloading 1546 Unused Serialized files (Serialized files now loaded: 0)
System memory in use before: 72.3 MB.
System memory in use after: 72.4 MB.

Unloading 25 unused Assets to reduce memory usage. Loaded Objects now: 2019.
Total: 1.635300 ms (FindLiveObjects: 0.207500 ms CreateObjectMapping: 0.034600 ms MarkObjects: 1.376900 ms  DeleteObjects: 0.014800 ms)

========================================================================
Received Prepare
Registering precompiled user dll's ...
Registered in 0.001504 seconds.
Begin MonoManager ReloadAssembly
Symbol file data-0000022284161840 doesn't match image C:\Users\Venus\Documents\GitHub\SA_Games\Game\Library\ScriptAssemblies\Unity.VSCode.Editor.dll
Symbol file LoadedFromMemory is not a mono symbol file
Symbol file data-00000222841ABA40 doesn't match image C:\Users\Venus\Documents\GitHub\SA_Games\Game\Library\ScriptAssemblies\Unity.2D.Tilemap.Editor.dll
Symbol file LoadedFromMemory is not a mono symbol file
Symbol file data-00000222875344C0 doesn't match image C:\Users\Venus\Documents\GitHub\SA_Games\Game\Library\ScriptAssemblies\UnityEngine.Purchasing.dll
Symbol file LoadedFromMemory is not a mono symbol file
Symbol file data-0000022286E28010 doesn't match image C:\Users\Venus\Documents\GitHub\SA_Games\Game\Library\ScriptAssemblies\Unity.TextMeshPro.Editor.dll
Symbol file LoadedFromMemory is not a mono symbol file
Symbol file data-0000022280B9D020 doesn't match image C:\Users\Venus\Documents\GitHub\SA_Games\Game\Library\ScriptAssemblies\Unity.VisualStudio.Editor.dll
Symbol file LoadedFromMemory is not a mono symbol file
Symbol file data-0000022280864580 doesn't match image C:\Users\Venus\Documents\GitHub\SA_Games\Game\Library\ScriptAssemblies\UnityEngine.TestRunner.dll
Symbol file LoadedFromMemory is not a mono symbol file
Symbol file data-00000222841ABA40 doesn't match image C:\Users\Venus\Documents\GitHub\SA_Games\Game\Library\ScriptAssemblies\Unity.Timeline.dll
Symbol file LoadedFromMemory is not a mono symbol file
Symbol file data-000002228583E040 doesn't match image C:\Users\Venus\Documents\GitHub\SA_Games\Game\Library\ScriptAssemblies\Unity.TextMeshPro.dll
Symbol file LoadedFromMemory is not a mono symbol file
Symbol file data-0000022280B13390 doesn't match image C:\Users\Venus\Documents\GitHub\SA_Games\Game\Library\ScriptAssemblies\UnityEngine.Advertisements.dll
Symbol file LoadedFromMemory is not a mono symbol file
Symbol file data-0000022288E1B650 doesn't match image C:\Users\Venus\Documents\GitHub\SA_Games\Game\Library\ScriptAssemblies\UnityEditor.TestRunner.dll
Symbol file LoadedFromMemory is not a mono symbol file
Symbol file data-0000022286E28010 doesn't match image C:\Users\Venus\Documents\GitHub\SA_Games\Game\Library\ScriptAssemblies\Unity.2D.Sprite.Editor.dll
Symbol file LoadedFromMemory is not a mono symbol file
Symbol file data-00000222861D5020 doesn't match image C:\Users\Venus\Documents\GitHub\SA_Games\Game\Library\ScriptAssemblies\UnityEditor.UI.dll
Symbol file LoadedFromMemory is not a mono symbol file
Symbol file data-0000022284876070 doesn't match image C:\Users\Venus\Documents\GitHub\SA_Games\Game\Library\ScriptAssemblies\Unity.Rider.Editor.dll
Symbol file LoadedFromMemory is not a mono symbol file
Symbol file data-0000022287727070 doesn't match image C:\Users\Venus\Documents\GitHub\SA_Games\Game\Library\ScriptAssemblies\Analytics.dll
Symbol file LoadedFromMemory is not a mono symbol file
Symbol file data-000002228747E850 doesn't match image C:\Users\Venus\Documents\GitHub\SA_Games\Game\Library\ScriptAssemblies\UnityEngine.SpatialTracking.dll
Symbol file LoadedFromMemory is not a mono symbol file
Symbol file data-0000022286E68020 doesn't match image C:\Users\Venus\Documents\GitHub\SA_Games\Game\Library\ScriptAssemblies\UnityEngine.UI.dll
Symbol file LoadedFromMemory is not a mono symbol file
Symbol file data-000002228958B550 doesn't match image C:\Users\Venus\Documents\GitHub\SA_Games\Game\Library\ScriptAssemblies\Unity.Analytics.DataPrivacy.dll
Symbol file LoadedFromMemory is not a mono symbol file
Symbol file data-0000022288E1B650 doesn't match image C:\Users\Venus\Documents\GitHub\SA_Games\Game\Library\ScriptAssemblies\Cinemachine.dll
Symbol file LoadedFromMemory is not a mono symbol file
Symbol file data-0000022287727E50 doesn't match image C:\Users\Venus\Documents\GitHub\SA_Games\Game\Library\ScriptAssemblies\com.unity.cinemachine.editor.dll
Symbol file LoadedFromMemory is not a mono symbol file
Symbol file data-00000222809D6450 doesn't match image C:\Users\Venus\Documents\GitHub\SA_Games\Game\Library\ScriptAssemblies\UnityEngine.XR.LegacyInputHelpers.dll
Symbol file LoadedFromMemory is not a mono symbol file
Symbol file data-0000022287AA2070 doesn't match image C:\Users\Venus\Documents\GitHub\SA_Games\Game\Library\ScriptAssemblies\Unity.Timeline.Editor.dll
Symbol file LoadedFromMemory is not a mono symbol file
Symbol file data-0000022284DBB030 doesn't match image C:\Users\Venus\Documents\GitHub\SA_Games\Game\Library\ScriptAssemblies\UnityEditor.XR.LegacyInputHelpers.dll
Symbol file LoadedFromMemory is not a mono symbol file
Symbol file data-0000022280864580 doesn't match image C:\Users\Venus\Documents\GitHub\SA_Games\Game\Library\ScriptAssemblies\Unity.CollabProxy.Editor.dll
Symbol file LoadedFromMemory is not a mono symbol file
Symbol file data-0000022288FA1EA0 doesn't match image C:\Users\Venus\Documents\GitHub\SA_Games\Game\Library\ScriptAssemblies\UnityEngine.Monetization.dll
Symbol file LoadedFromMemory is not a mono symbol file
Symbol file data-0000022284DBB030 doesn't match image C:\Users\Venus\Documents\GitHub\SA_Games\Game\Library\ScriptAssemblies\UnityEditor.Purchasing.dll
Symbol file LoadedFromMemory is not a mono symbol file
Symbol file data-0000022280877D50 doesn't match image C:\Users\Venus\Documents\GitHub\SA_Games\Game\Library\ScriptAssemblies\UnityEditor.SpatialTracking.dll
Symbol file LoadedFromMemory is not a mono symbol file
Symbol file data-00000222807B4020 doesn't match image C:\Users\Venus\Documents\GitHub\SA_Games\Game\Library\ScriptAssemblies\UnityEngine.Advertisements.Editor.dll
Symbol file LoadedFromMemory is not a mono symbol file
Native extension for WindowsStandalone target not found
Refreshing native plugins compatible for Editor in 0.41 ms, found 0 plugins.
Preloading 0 native plugins for Editor in 0.00 ms.
Invoked RoslynAnalysisRunner static constructor.
RoslynAnalysisRunner will not be running.
RoslynAnalysisRunner has terminated.
Mono: successfully reloaded assembly
- Completed reload, in  0.654 seconds
Platform modules already initialized, skipping
Refreshing native plugins compatible for Editor in 0.41 ms, found 0 plugins.
Preloading 0 native plugins for Editor in 0.00 ms.
Unloading 1546 Unused Serialized files (Serialized files now loaded: 0)
System memory in use before: 72.3 MB.
System memory in use after: 72.4 MB.

Unloading 25 unused Assets to reduce memory usage. Loaded Objects now: 2022.
Total: 1.816900 ms (FindLiveObjects: 0.221700 ms CreateObjectMapping: 0.035600 ms MarkObjects: 1.521500 ms  DeleteObjects: 0.036600 ms)

========================================================================
Received Prepare
Registering precompiled user dll's ...
Registered in 0.001647 seconds.
Begin MonoManager ReloadAssembly
Symbol file data-0000022284A7E020 doesn't match image C:\Users\Venus\Documents\GitHub\SA_Games\Game\Library\ScriptAssemblies\Unity.VSCode.Editor.dll
Symbol file LoadedFromMemory is not a mono symbol file
Symbol file data-00000222841ABA40 doesn't match image C:\Users\Venus\Documents\GitHub\SA_Games\Game\Library\ScriptAssemblies\Unity.2D.Tilemap.Editor.dll
Symbol file LoadedFromMemory is not a mono symbol file
Symbol file data-0000022284A7E020 doesn't match image C:\Users\Venus\Documents\GitHub\SA_Games\Game\Library\ScriptAssemblies\UnityEngine.Purchasing.dll
Symbol file LoadedFromMemory is not a mono symbol file
Symbol file data-0000022285E1B020 doesn't match image C:\Users\Venus\Documents\GitHub\SA_Games\Game\Library\ScriptAssemblies\Unity.TextMeshPro.Editor.dll
Symbol file LoadedFromMemory is not a mono symbol file
Symbol file data-000002228738C510 doesn't match image C:\Users\Venus\Documents\GitHub\SA_Games\Game\Library\ScriptAssemblies\Unity.VisualStudio.Editor.dll
Symbol file LoadedFromMemory is not a mono symbol file
Symbol file data-0000022287315010 doesn't match image C:\Users\Venus\Documents\GitHub\SA_Games\Game\Library\ScriptAssemblies\UnityEngine.TestRunner.dll
Symbol file LoadedFromMemory is not a mono symbol file
Symbol file data-00000222841ABA40 doesn't match image C:\Users\Venus\Documents\GitHub\SA_Games\Game\Library\ScriptAssemblies\Unity.Timeline.dll
Symbol file LoadedFromMemory is not a mono symbol file
Symbol file data-000002228583E040 doesn't match image C:\Users\Venus\Documents\GitHub\SA_Games\Game\Library\ScriptAssemblies\Unity.TextMeshPro.dll
Symbol file LoadedFromMemory is not a mono symbol file
Symbol file data-0000022284BA6030 doesn't match image C:\Users\Venus\Documents\GitHub\SA_Games\Game\Library\ScriptAssemblies\UnityEngine.Advertisements.dll
Symbol file LoadedFromMemory is not a mono symbol file
Symbol file data-0000022288E1B650 doesn't match image C:\Users\Venus\Documents\GitHub\SA_Games\Game\Library\ScriptAssemblies\UnityEditor.TestRunner.dll
Symbol file LoadedFromMemory is not a mono symbol file
Symbol file data-0000022284320020 doesn't match image C:\Users\Venus\Documents\GitHub\SA_Games\Game\Library\ScriptAssemblies\Unity.2D.Sprite.Editor.dll
Symbol file LoadedFromMemory is not a mono symbol file
Symbol file data-00000222861D5020 doesn't match image C:\Users\Venus\Documents\GitHub\SA_Games\Game\Library\ScriptAssemblies\UnityEditor.UI.dll
Symbol file LoadedFromMemory is not a mono symbol file
Symbol file data-00000222855CF020 doesn't match image C:\Users\Venus\Documents\GitHub\SA_Games\Game\Library\ScriptAssemblies\Unity.Rider.Editor.dll
Symbol file LoadedFromMemory is not a mono symbol file
Symbol file data-0000022287724A70 doesn't match image C:\Users\Venus\Documents\GitHub\SA_Games\Game\Library\ScriptAssemblies\Analytics.dll
Symbol file LoadedFromMemory is not a mono symbol file
Symbol file data-0000022289012950 doesn't match image C:\Users\Venus\Documents\GitHub\SA_Games\Game\Library\ScriptAssemblies\UnityEngine.SpatialTracking.dll
Symbol file LoadedFromMemory is not a mono symbol file
Symbol file data-00000222891B7010 doesn't match image C:\Users\Venus\Documents\GitHub\SA_Games\Game\Library\ScriptAssemblies\UnityEngine.UI.dll
Symbol file LoadedFromMemory is not a mono symbol file
Symbol file data-0000022285F537A0 doesn't match image C:\Users\Venus\Documents\GitHub\SA_Games\Game\Library\ScriptAssemblies\Unity.Analytics.DataPrivacy.dll
Symbol file LoadedFromMemory is not a mono symbol file
Symbol file data-0000022288E1B650 doesn't match image C:\Users\Venus\Documents\GitHub\SA_Games\Game\Library\ScriptAssemblies\Cinemachine.dll
Symbol file LoadedFromMemory is not a mono symbol file
Symbol file data-0000022287727E50 doesn't match image C:\Users\Venus\Documents\GitHub\SA_Games\Game\Library\ScriptAssemblies\com.unity.cinemachine.editor.dll
Symbol file LoadedFromMemory is not a mono symbol file
Symbol file data-0000022285AE1440 doesn't match image C:\Users\Venus\Documents\GitHub\SA_Games\Game\Library\ScriptAssemblies\UnityEngine.XR.LegacyInputHelpers.dll
Symbol file LoadedFromMemory is not a mono symbol file
Symbol file data-0000022280A368A0 doesn't match image C:\Users\Venus\Documents\GitHub\SA_Games\Game\Library\ScriptAssemblies\Unity.Timeline.Editor.dll
Symbol file LoadedFromMemory is not a mono symbol file
Symbol file data-00000222809CE020 doesn't match image C:\Users\Venus\Documents\GitHub\SA_Games\Game\Library\ScriptAssemblies\UnityEditor.XR.LegacyInputHelpers.dll
Symbol file LoadedFromMemory is not a mono symbol file
Symbol file data-0000022284A1D010 doesn't match image C:\Users\Venus\Documents\GitHub\SA_Games\Game\Library\ScriptAssemblies\Unity.CollabProxy.Editor.dll
Symbol file LoadedFromMemory is not a mono symbol file
Symbol file data-0000022284A7E020 doesn't match image C:\Users\Venus\Documents\GitHub\SA_Games\Game\Library\ScriptAssemblies\UnityEngine.Monetization.dll
Symbol file LoadedFromMemory is not a mono symbol file
Symbol file data-00000222809CE020 doesn't match image C:\Users\Venus\Documents\GitHub\SA_Games\Game\Library\ScriptAssemblies\UnityEditor.Purchasing.dll
Symbol file LoadedFromMemory is not a mono symbol file
Symbol file data-0000022284E9B0F0 doesn't match image C:\Users\Venus\Documents\GitHub\SA_Games\Game\Library\ScriptAssemblies\UnityEditor.SpatialTracking.dll
Symbol file LoadedFromMemory is not a mono symbol file
Symbol file data-00000222840B4A20 doesn't match image C:\Users\Venus\Documents\GitHub\SA_Games\Game\Library\ScriptAssemblies\UnityEngine.Advertisements.Editor.dll
Symbol file LoadedFromMemory is not a mono symbol file
Native extension for WindowsStandalone target not found
Refreshing native plugins compatible for Editor in 0.42 ms, found 0 plugins.
Preloading 0 native plugins for Editor in 0.00 ms.
Invoked RoslynAnalysisRunner static constructor.
RoslynAnalysisRunner will not be running.
RoslynAnalysisRunner has terminated.
Mono: successfully reloaded assembly
- Completed reload, in  0.653 seconds
Platform modules already initialized, skipping
Refreshing native plugins compatible for Editor in 0.43 ms, found 0 plugins.
Preloading 0 native plugins for Editor in 0.00 ms.
Unloading 1546 Unused Serialized files (Serialized files now loaded: 0)
System memory in use before: 72.3 MB.
System memory in use after: 72.4 MB.

Unloading 25 unused Assets to reduce memory usage. Loaded Objects now: 2025.
Total: 1.963300 ms (FindLiveObjects: 0.200300 ms CreateObjectMapping: 0.038000 ms MarkObjects: 1.684100 ms  DeleteObjects: 0.039400 ms)

AssetImportWorkerClient::OnTransportError - code=2 error=End of file
